1647122668307	geckodriver	INFO	Listening on 127.0.0.1:59975
1647122671241	mozrunner::runner	INFO	Running command: "C:\\Program Files\\Mozilla Firefox\\firefox.exe" "--marionette" "user-agent=Mozilla/5.0 (Windows NT 10.0; Win64; x64; rv:97.0) Gecko/20100101 Firefox/97.0" "-headless" "--remote-debugging-port" "59976" "-no-remote" "-profile" "C:\\Users\\4918~1\\AppData\\Local\\Temp\\rust_mozprofileuMu2UV"
*** You are running in headless mode.
1647122678044	Marionette	INFO	Marionette enabled
[GFX1-]: RenderCompositorSWGL failed mapping default framebuffer, no dt
console.warn: SearchSettings: "get: No settings file exists, new profile?" (new NotFoundError("Could not open the file at C:\\Users\\\u0412\u043B\u0430\u0434\u0438\u0441\u043B\u0430\u0432\\AppData\\Local\\Temp\\rust_mozprofileuMu2UV\\search.json.mozlz4", (void 0)))
console.error: Region.jsm: "Error fetching region" (new AbortError("The operation was aborted. ", (void 0), 770))
console.error: Region.jsm: "Failed to fetch region" (new Error("NO_RESULT", "resource://gre/modules/Region.jsm", 419))
DevTools listening on ws://localhost:59976/devtools/browser/d0793bfc-cd57-47c6-bd6d-625234ba0ba2
1647122694676	Marionette	INFO	Listening on port 59981
1647122694953	RemoteAgent	WARN	TLS certificate errors will be ignored for this session
Exiting due to channel error.
Exiting due to channel error.
47123912413	mozrunner::runner	INFO	Running command: "C:\\Program Files\\Mozilla Firefox\\firefox.exe" "--marionette" "user-agent=Mozilla/5.0 (Windows NT 10.0; Win64; x64; rv:97.0) Gecko/20100101 Firefox/97.0" "-headless" "--remote-debugging-port" "62761" "-no-remote" "-profile" "C:\\Users\\4918~1\\AppData\\Local\\Temp\\rust_mozprofileGhTYtO"
*** You are running in headless mode.
1647123913597	Marionette	INFO	Marionette enabled
[GFX1-]: RenderCompositorSWGL failed mapping default framebuffer, no dt
console.warn: SearchSettings: "get: No settings file exists, new profile?" (new NotFoundError("Could not open the file at C:\\Users\\\u0412\u043B\u0430\u0434\u0438\u0441\u043B\u0430\u0432\\AppData\\Local\\Temp\\rust_mozprofileGhTYtO\\search.json.mozlz4", (void 0)))
DevTools listening on ws://localhost:62761/devtools/browser/c76fd008-7300-4dce-bd31-fa76f1ad9278
1647123922110	Marionette	INFO	Listening on port 62766
1647123922397	RemoteAgent	WARN	TLS certificate errors will be ignored for this session
A content process crashed and MOZ_CRASHREPORTER_SHUTDOWN is set, shutting down
1647125399035	geckodriver	INFO	Listening on 127.0.0.1:63480
1647125402092	mozrunner::runner	INFO	Running command: "C:\\Program Files\\Mozilla Firefox\\firefox.exe" "--marionette" "user-agent=Mozilla/5.0 (Windows NT 10.0; Win64; x64; rv:97.0) Gecko/20100101 Firefox/97.0" "-headless" "--remote-debugging-port" "63481" "-no-remote" "-profile" "C:\\Users\\4918~1\\AppData\\Local\\Temp\\rust_mozprofilejpzXJx"
*** You are running in headless mode.
1647125402985	Marionette	INFO	Marionette enabled
[GFX1-]: RenderCompositorSWGL failed mapping default framebuffer, no dt
console.warn: SearchSettings: "get: No settings file exists, new profile?" (new NotFoundError("Could not open the file at C:\\Users\\\u0412\u043B\u0430\u0434\u0438\u0441\u043B\u0430\u0432\\AppData\\Local\\Temp\\rust_mozprofilejpzXJx\\search.json.mozlz4", (void 0)))
console.error: Region.jsm: "Error fetching region" (new Error("TIMEOUT", "resource://gre/modules/Region.jsm", 772))
console.error: Region.jsm: "Failed to fetch region" (new Error("TIMEOUT", "resource://gre/modules/Region.jsm", 419))
DevTools listening on ws://localhost:63481/devtools/browser/98a7b847-ba38-44f7-ba17-f06ad715285a
1647125415620	Marionette	INFO	Listening on port 50503
1647125416085	RemoteAgent	WARN	TLS certificate errors will be ignored for this session
1647125916240	geckodriver	INFO	Listening on 127.0.0.1:50765
1647125919321	mozrunner::runner	INFO	Running command: "C:\\Program Files\\Mozilla Firefox\\firefox.exe" "--marionette" "user-agent=Mozilla/5.0 (Windows NT 10.0; Win64; x64; rv:97.0) Gecko/20100101 Firefox/97.0" "-headless" "--remote-debugging-port" "50766" "-no-remote" "-profile" "C:\\Users\\4918~1\\AppData\\Local\\Temp\\rust_mozprofilebTUMyR"
*** You are running in headless mode.
1647125920214	Marionette	INFO	Marionette enabled
[GFX1-]: RenderCompositorSWGL failed mapping default framebuffer, no dt
console.warn: SearchSettings: "get: No settings file exists, new profile?" (new NotFoundError("Could not open the file at C:\\Users\\\u0412\u043B\u0430\u0434\u0438\u0441\u043B\u0430\u0432\\AppData\\Local\\Temp\\rust_mozprofilebTUMyR\\search.json.mozlz4", (void 0)))
DevTools listening on ws://localhost:50766/devtools/browser/ddbb2312-f62a-4543-9b7f-19d8b9cf95d8
1647125928039	Marionette	INFO	Listening on port 50771
console.error: Region.jsm: "Error fetching region" (new Error("TIMEOUT", "resource://gre/modules/Region.jsm", 772))
console.error: Region.jsm: "Failed to fetch region" (new Error("TIMEOUT", "resource://gre/modules/Region.jsm", 419))
1647125930059	RemoteAgent	WARN	TLS certificate errors will be ignored for this session
1647126236676	geckodriver	INFO	Listening on 127.0.0.1:50867
1647126239996	mozrunner::runner	INFO	Running command: "C:\\Program Files\\Mozilla Firefox\\firefox.exe" "--marionette" "user-agent=Mozilla/5.0 (Windows NT 10.0; Win64; x64; rv:97.0) Gecko/20100101 Firefox/97.0" "-headless" "--remote-debugging-port" "50868" "-no-remote" "-profile" "C:\\Users\\4918~1\\AppData\\Local\\Temp\\rust_mozprofilecuYFmH"
*** You are running in headless mode.
1647126242185	Marionette	INFO	Marionette enabled
[GFX1-]: RenderCompositorSWGL failed mapping default framebuffer, no dt
console.warn: SearchSettings: "get: No settings file exists, new profile?" (new NotFoundError("Could not open the file at C:\\Users\\\u0412\u043B\u0430\u0434\u0438\u0441\u043B\u0430\u0432\\AppData\\Local\\Temp\\rust_mozprofilecuYFmH\\search.json.mozlz4", (void 0)))
console.error: Region.jsm: "Error fetching region" (new Error("TIMEOUT", "resource://gre/modules/Region.jsm", 772))
console.error: Region.jsm: "Failed to fetch region" (new Error("TIMEOUT", "resource://gre/modules/Region.jsm", 419))
DevTools listening on ws://localhost:50868/devtools/browser/c4740545-9729-4abb-9c19-7d8080270ba7
1647126268318	Marionette	INFO	Listening on port 50874
1647126268695	RemoteAgent	WARN	TLS certificate errors will be ignored for this session
1647151625017	Marionette	INFO	Stopped listening on port 50874

###!!! [Parent][PContentParent] Error: Send(msgname=PContent::Msg_DestroyBrowsingContextGroup) Closed channel: cannot send/recv


###!!! [Child][PContentChild] Error: Send(msgname=PHttpChannel::Msg_DeletingChannel) Channel closing: too late to send/recv, messages will be lost


###!!! [Child][PContentChild] Error: RunMessage(msgname=PContent::Reply_DiscardBrowsingContext) Channel closing: too late to send/recv, messages will be lost


###!!! [Child][PContentChild] Error: RunMessage(msgname=PHttpChannel::Msg_DeleteSelf) Channel closing: too late to send/recv, messages will be lost

1647153514071	geckodriver	INFO	Listening on 127.0.0.1:54908
1647153517114	mozrunner::runner	INFO	Running command: "C:\\Program Files\\Mozilla Firefox\\firefox.exe" "--marionette" "user-agent=Mozilla/5.0 (Windows NT 10.0; Win64; x64; rv:97.0) Gecko/20100101 Firefox/97.0" "-headless" "--remote-debugging-port" "54909" "-no-remote" "-profile" "C:\\Users\\4918~1\\AppData\\Local\\Temp\\rust_mozprofileAy3KGK"
*** You are running in headless mode.
1647153518434	Marionette	INFO	Marionette enabled
[GFX1-]: RenderCompositorSWGL failed mapping default framebuffer, no dt
console.warn: SearchSettings: "get: No settings file exists, new profile?" (new NotFoundError("Could not open the file at C:\\Users\\\u0412\u043B\u0430\u0434\u0438\u0441\u043B\u0430\u0432\\AppData\\Local\\Temp\\rust_mozprofileAy3KGK\\search.json.mozlz4", (void 0)))
DevTools listening on ws://localhost:54909/devtools/browser/5b11864b-06b1-4aa4-8c64-205f1c51c2b6
1647153525336	Marionette	INFO	Listening on port 54914
1647153525934	RemoteAgent	WARN	TLS certificate errors will be ignored for this session
1647273465674	geckodriver	INFO	Listening on 127.0.0.1:57922
1647273468705	mozrunner::runner	INFO	Running command: "C:\\Program Files\\Mozilla Firefox\\firefox.exe" "--marionette" "user-agent=Mozilla/5.0 (Windows NT 10.0; Win64; x64; rv:97.0) Gecko/20100101 Firefox/97.0" "-headless" "--remote-debugging-port" "57923" "-no-remote" "-profile" "C:\\Users\\4918~1\\AppData\\Local\\Temp\\rust_mozprofileN12n93"
*** You are running in headless mode.
1647273474105	Marionette	INFO	Marionette enabled
[GFX1-]: RenderCompositorSWGL failed mapping default framebuffer, no dt
console.warn: SearchSettings: "get: No settings file exists, new profile?" (new NotFoundError("Could not open the file at C:\\Users\\\u0412\u043B\u0430\u0434\u0438\u0441\u043B\u0430\u0432\\AppData\\Local\\Temp\\rust_mozprofileN12n93\\search.json.mozlz4", (void 0)))
console.error: Region.jsm: "Error fetching region" (new AbortError("The operation was aborted. ", (void 0), 770))
console.error: Region.jsm: "Failed to fetch region" (new Error("NO_RESULT", "resource://gre/modules/Region.jsm", 419))
DevTools listening on ws://localhost:57923/devtools/browser/c2c8bb97-456a-4486-89c5-5ab4f772f27c
1647273490487	Marionette	INFO	Listening on port 57928
1647273491245	RemoteAgent	WARN	TLS certificate errors will be ignored for this session
JavaScript error: , line 0: NotFoundError: Could not move source file(C:\Users\Владислав\AppData\Local\Temp\rust_mozprofileN12n93\bookmarkbackups\bookmarks-2022-03-14_11_DCIlyC3ekj1nxfiVU5VSnQ==.jsonlz4) because it does not exist
JavaScript error: , line 0: NS_ERROR_NOT_AVAILABLE
-debugging-port" "57982" "-no-remote" "-profile" "C:\\Users\\4918~1\\AppData\\Local\\Temp\\rust_mozprofilePm4xYu"
*** You are running in headless mode.
1647273550060	Marionette	INFO	Marionette enabled
[GFX1-]: RenderCompositorSWGL failed mapping default framebuffer, no dt
console.warn: SearchSettings: "get: No settings file exists, new profile?" (new NotFoundError("Could not open the file at C:\\Users\\\u0412\u043B\u0430\u0434\u0438\u0441\u043B\u0430\u0432\\AppData\\Local\\Temp\\rust_mozprofilePm4xYu\\search.json.mozlz4", (void 0)))
DevTools listening on ws://localhost:57982/devtools/browser/e625a21d-4ed9-493d-83fc-1614f481b281
1647273557590	Marionette	INFO	Listening on port 57987
1647273558074	RemoteAgent	WARN	TLS certificate errors will be ignored for this session
JavaScript error: , line 0: NS_ERROR_NOT_AVAILABLE
1:58032
1647273608581	mozrunner::runner	INFO	Running command: "C:\\Program Files\\Mozilla Firefox\\firefox.exe" "--marionette" "user-agent=Mozilla/5.0 (Windows NT 10.0; Win64; x64; rv:97.0) Gecko/20100101 Firefox/97.0" "-headless" "--remote-debugging-port" "58033" "-no-remote" "-profile" "C:\\Users\\4918~1\\AppData\\Local\\Temp\\rust_mozprofileO6pXuy"
*** You are running in headless mode.
1647273609918	Marionette	INFO	Marionette enabled
[GFX1-]: RenderCompositorSWGL failed mapping default framebuffer, no dt
console.warn: SearchSettings: "get: No settings file exists, new profile?" (new NotFoundError("Could not open the file at C:\\Users\\\u0412\u043B\u0430\u0434\u0438\u0441\u043B\u0430\u0432\\AppData\\Local\\Temp\\rust_mozprofileO6pXuy\\search.json.mozlz4", (void 0)))
DevTools listening on ws://localhost:58033/devtools/browser/9f040685-a442-40c6-be53-c3f287d1543e
1647273618837	Marionette	INFO	Listening on port 58038
1647273618984	RemoteAgent	WARN	TLS certificate errors will be ignored for this session
JavaScript error: , line 0: NotFoundError: Could not move source file(C:\Users\Владислав\AppData\Local\Temp\rust_mozprofileO6pXuy\bookmarkbackups\bookmarks-2022-03-14_11_GP8HhSJnGAFFuroxgNv8cQ==.jsonlz4) because it does not exist
JavaScript error: , line 0: NS_ERROR_NOT_AVAILABLE
-debugging-port" "58079" "-no-remote" "-profile" "C:\\Users\\4918~1\\AppData\\Local\\Temp\\rust_mozprofile5PI8Lc"
*** You are running in headless mode.
1647273638677	Marionette	INFO	Marionette enabled
[GFX1-]: RenderCompositorSWGL failed mapping default framebuffer, no dt
console.warn: SearchSettings: "get: No settings file exists, new profile?" (new NotFoundError("Could not open the file at C:\\Users\\\u0412\u043B\u0430\u0434\u0438\u0441\u043B\u0430\u0432\\AppData\\Local\\Temp\\rust_mozprofile5PI8Lc\\search.json.mozlz4", (void 0)))
DevTools listening on ws://localhost:58079/devtools/browser/1c360aad-59a0-4617-9da5-5572f20fc7bb
1647273646565	Marionette	INFO	Listening on port 58084
1647273646746	RemoteAgent	WARN	TLS certificate errors will be ignored for this session
JavaScript error: , line 0: NS_ERROR_NOT_AVAILABLE
1:58127
1647273664191	mozrunner::runner	INFO	Running command: "C:\\Program Files\\Mozilla Firefox\\firefox.exe" "--marionette" "user-agent=Mozilla/5.0 (Windows NT 10.0; Win64; x64; rv:97.0) Gecko/20100101 Firefox/97.0" "-headless" "--remote-debugging-port" "58128" "-no-remote" "-profile" "C:\\Users\\4918~1\\AppData\\Local\\Temp\\rust_mozprofileY8ADs8"
*** You are running in headless mode.
1647273665787	Marionette	INFO	Marionette enabled
[GFX1-]: RenderCompositorSWGL failed mapping default framebuffer, no dt
console.warn: SearchSettings: "get: No settings file exists, new profile?" (new NotFoundError("Could not open the file at C:\\Users\\\u0412\u043B\u0430\u0434\u0438\u0441\u043B\u0430\u0432\\AppData\\Local\\Temp\\rust_mozprofileY8ADs8\\search.json.mozlz4", (void 0)))
console.error: Region.jsm: "Error fetching region" (new Error("TIMEOUT", "resource://gre/modules/Region.jsm", 772))
console.error: Region.jsm: "Failed to fetch region" (new Error("TIMEOUT", "resource://gre/modules/Region.jsm", 419))
DevTools listening on ws://localhost:58128/devtools/browser/6f0ca2e3-7014-4a90-9d00-8434ea51f416
1647273676398	Marionette	INFO	Listening on port 58133
1647273676800	RemoteAgent	WARN	TLS certificate errors will be ignored for this session
JavaScript error: , line 0: NS_ERROR_NOT_AVAILABLE
1:58207
1647274006728	mozrunner::runner	INFO	Running command: "C:\\Program Files\\Mozilla Firefox\\firefox.exe" "--marionette" "user-agent=Mozilla/5.0 (Windows NT 10.0; Win64; x64; rv:97.0) Gecko/20100101 Firefox/97.0" "-headless" "--remote-debugging-port" "58208" "-no-remote" "-profile" "C:\\Users\\4918~1\\AppData\\Local\\Temp\\rust_mozprofilemWAzES"
*** You are running in headless mode.
1647274009367	Marionette	INFO	Marionette enabled
[GFX1-]: RenderCompositorSWGL failed mapping default framebuffer, no dt
console.warn: SearchSettings: "get: No settings file exists, new profile?" (new NotFoundError("Could not open the file at C:\\Users\\\u0412\u043B\u0430\u0434\u0438\u0441\u043B\u0430\u0432\\AppData\\Local\\Temp\\rust_mozprofilemWAzES\\search.json.mozlz4", (void 0)))
DevTools listening on ws://localhost:58208/devtools/browser/3869630c-c756-4e5a-829f-3d5b43eecbe9
1647274020684	Marionette	INFO	Listening on port 58213
1647274020972	RemoteAgent	WARN	TLS certificate errors will be ignored for this session
A content process crashed and MOZ_CRASHREPORTER_SHUTDOWN is set, shutting down

###!!! [Parent][PContentParent] Error: Send(msgname=PContent::Msg_AsyncMessage) Channel error: cannot send/recv


###!!! [Parent][PContentParent] Error: Send(msgname=PContent::Msg_RegisterChromeItem) Channel error: cannot send/recv


###!!! [Parent][PContentParent] Error: Send(msgname=PContent::Msg_FlushTabState) Channel error: cannot send/recv


###!!! [Parent][PContentParent] Error: Send(msgname=PBrowser::Msg_Destroy) Channel error: cannot send/recv


###!!! [Parent][PContentParent] Error: Send(msgname=PContent::Msg_DiscardBrowsingContext) Channel error: cannot send/recv


###!!! [Parent][PContentParent] Error: Send(msgname=PContent::Msg_AsyncMessage) Channel error: cannot send/recv


###!!! [Parent][PContentParent] Error: Send(msgname=PContent::Msg_AsyncMessage) Channel error: cannot send/recv


###!!! [Parent][PContentParent] Error: Send(msgname=PContent::Msg_FlushTabState) Channel error: cannot send/recv


###!!! [Parent][PContentParent] Error: Send(msgname=PBrowser::Msg_Destroy) Channel error: cannot send/recv


###!!! [Parent][PContentParent] Error: Send(msgname=PContent::Msg_DiscardBrowsingContext) Channel error: cannot send/recv


###!!! [Parent][PContentParent] Error: Send(msgname=PContent::Msg_AsyncMessage) Channel error: cannot send/recv


###!!! [Parent][PContentParent] Error: Send(msgname=PContent::Msg_AsyncMessage) Channel error: cannot send/recv


###!!! [Parent][PContentParent] Error: Send(msgname=PContent::Msg_AsyncMessage) Channel error: cannot send/recv


###!!! [Parent][PContentParent] Error: Send(msgname=PContent::Msg_AsyncMessage) Channel error: cannot send/recv


###!!! [Parent][PContentParent] Error: Send(msgname=PContent::Msg_FlushTabState) Channel error: cannot send/recv


###!!! [Parent][PContentParent] Error: Send(msgname=PBrowser::Msg_Destroy) Channel error: cannot send/recv


###!!! [Parent][PContentParent] Error: Send(msgname=PContent::Msg_DiscardBrowsingContext) Channel error: cannot send/recv


###!!! [Parent][PContentParent] Error: Send(msgname=PContent::Msg_AsyncMessage) Channel error: cannot send/recv


###!!! [Parent][PContentParent] Error: Send(msgname=PContent::Msg_AsyncMessage) Channel error: cannot send/recv


###!!! [Parent][PContentParent] Error: Send(msgname=PContent::Msg_AsyncMessage) Channel error: cannot send/recv


###!!! [Parent][PContentParent] Error: Send(msgname=PContent::Msg_AsyncMessage) Channel error: cannot send/recv


###!!! [Parent][PContentParent] Error: Send(msgname=PContent::Msg_AsyncMessage) Channel error: cannot send/recv


###!!! [Parent][PContentParent] Error: Send(msgname=PContent::Msg_AsyncMessage) Channel error: cannot send/recv


###!!! [Parent][PContentParent] Error: Send(msgname=PContent::Msg_AsyncMessage) Channel error: cannot send/recv


###!!! [Parent][PContentParent] Error: Send(msgname=PContent::Msg_AsyncMessage) Channel error: cannot send/recv


###!!! [Parent][PContentParent] Error: Send(msgname=PContent::Msg_FlushTabState) Channel error: cannot send/recv


###!!! [Parent][PContentParent] Error: Send(msgname=PBrowser::Msg_Destroy) Channel error: cannot send/recv


###!!! [Parent][PContentParent] Error: Send(msgname=PContent::Msg_DiscardBrowsingContext) Channel error: cannot send/recv


###!!! [Parent][PContentParent] Error: Send(msgname=PContent::Msg_AsyncMessage) Channel error: cannot send/recv


###!!! [Parent][PContentParent] Error: Send(msgname=PContent::Msg_AsyncMessage) Channel error: cannot send/recv


###!!! [Parent][PContentParent] Error: Send(msgname=PContent::Msg_AsyncMessage) Channel error: cannot send/recv


###!!! [Parent][PContentParent] Error: Send(msgname=PContent::Msg_AsyncMessage) Channel error: cannot send/recv


###!!! [Parent][PContentParent] Error: Send(msgname=PContent::Msg_AsyncMessage) Channel error: cannot send/recv


###!!! [Parent][PContentParent] Error: Send(msgname=PContent::Msg_AsyncMessage) Channel error: cannot send/recv


###!!! [Parent][PContentParent] Error: Send(msgname=PContent::Msg_AsyncMessage) Channel error: cannot send/recv


###!!! [Parent][PContentParent] Error: Send(msgname=PContent::Msg_AsyncMessage) Channel error: cannot send/recv


###!!! [Parent][PContentParent] Error: Send(msgname=PContent::Msg_FlushTabState) Channel error: cannot send/recv


###!!! [Parent][PContentParent] Error: Send(msgname=PBrowser::Msg_Destroy) Channel error: cannot send/recv


###!!! [Parent][PContentParent] Error: Send(msgname=PContent::Msg_DiscardBrowsingContext) Channel error: cannot send/recv


###!!! [Parent][PContentParent] Error: Send(msgname=PContent::Msg_AsyncMessage) Channel error: cannot send/recv


###!!! [Parent][PContentParent] Error: Send(msgname=PContent::Msg_AsyncMessage) Channel error: cannot send/recv


###!!! [Parent][PContentParent] Error: Send(msgname=PContent::Msg_UpdateSharedData) Channel error: cannot send/recv


###!!! [Parent][PContentParent] Error: Send(msgname=PContent::Msg_UpdateSharedData) Channel error: cannot send/recv


###!!! [Parent][PContentParent] Error: Send(msgname=PContent::Msg_UpdateSharedData) Channel error: cannot send/recv


###!!! [Parent][PContentParent] Error: RunMessage(msgname=PBrowser::Msg_SessionStoreUpdate) Channel error: cannot send/recv


###!!! [Parent][PContentParent] Error: RunMessage(msgname=PContent::Reply_FlushTabState) Channel error: cannot send/recv


###!!! [Parent][PContentParent] Error: RunMessage(msgname=PBrowser::Msg_AsyncMessage) Channel error: cannot send/recv


###!!! [Parent][PContentParent] Error: RunMessage(msgname=PContent::Msg_AsyncMessage) Channel error: cannot send/recv


###!!! [Parent][PContentParent] Error: RunMessage(msgname=PContent::Msg_AsyncMessage) Channel error: cannot send/recv


###!!! [Parent][PContentParent] Error: RunMessage(msgname=PContent::Msg_AsyncMessage) Channel error: cannot send/recv


###!!! [Parent][PContentParent] Error: RunMessage(msgname=PContent::Msg_AsyncMessage) Channel error: cannot send/recv


###!!! [Parent][PContentParent] Error: RunMessage(msgname=PContent::Msg_AsyncMessage) Channel error: cannot send/recv

JavaScript error: resource:///modules/sessionstore/SessionStore.jsm, line 2074: TypeError: subject.QueryInterface is not a function
JavaScript error: resource:///modules/sessionstore/SessionStore.jsm, line 2074: TypeError: subject.QueryInterface is not a function
JavaScript error: resource:///modules/sessionstore/SessionStore.jsm, line 2074: TypeError: subject.QueryInterface is not a function
JavaScript error: resource:///modules/sessionstore/SessionStore.jsm, line 2074: TypeError: subject.QueryInterface is not a function
JavaScript error: resource:///modules/sessionstore/SessionStore.jsm, line 2074: TypeError: subject.QueryInterface is not a function
A content process crashed and MOZ_CRASHREPORTER_SHUTDOWN is set, shutting down
1647274147424	Marionette	INFO	Stopped listening on port 58213

###!!! [Parent][PContentParent] Error: Send(msgname=PContent::Msg_PreferenceUpdate) Channel error: cannot send/recv


###!!! [Parent][PContentParent] Error: Send(msgname=PContent::Msg_PreferenceUpdate) Channel error: cannot send/recv


###!!! [Parent][PContentParent] Error: Send(msgname=PContent::Msg_PreferenceUpdate) Channel error: cannot send/recv


###!!! [Parent][PContentParent] Error: Send(msgname=PContent::Msg_PreferenceUpdate) Channel error: cannot send/recv


###!!! [Parent][PContentParent] Error: Send(msgname=PContent::Msg_PreferenceUpdate) Channel error: cannot send/recv


###!!! [Parent][PContentParent] Error: Send(msgname=PContent::Msg_PreferenceUpdate) Channel error: cannot send/recv


###!!! [Parent][PContentParent] Error: Send(msgname=PContent::Msg_PreferenceUpdate) Channel error: cannot send/recv


###!!! [Parent][PContentParent] Error: Send(msgname=PContent::Msg_PreferenceUpdate) Channel error: cannot send/recv


###!!! [Parent][PContentParent] Error: Send(msgname=PContent::Msg_PreferenceUpdate) Channel error: cannot send/recv


###!!! [Parent][PContentParent] Error: Send(msgname=PContent::Msg_PreferenceUpdate) Channel error: cannot send/recv


###!!! [Parent][PContentParent] Error: Send(msgname=PContent::Msg_PreferenceUpdate) Channel error: cannot send/recv


###!!! [Parent][PContentParent] Error: Send(msgname=PContent::Msg_PreferenceUpdate) Channel error: cannot send/recv


###!!! [Parent][PContentParent] Error: Send(msgname=PContent::Msg_PreferenceUpdate) Channel error: cannot send/recv


###!!! [Parent][PContentParent] Error: Send(msgname=PContent::Msg_PreferenceUpdate) Channel error: cannot send/recv


###!!! [Parent][PContentParent] Error: Send(msgname=PContent::Msg_PreferenceUpdate) Channel error: cannot send/recv


###!!! [Parent][PContentParent] Error: Send(msgname=PContent::Msg_PreferenceUpdate) Channel error: cannot send/recv


###!!! [Parent][PContentParent] Error: Send(msgname=PContent::Msg_PreferenceUpdate) Channel error: cannot send/recv


###!!! [Parent][PContentParent] Error: Send(msgname=PContent::Msg_PreferenceUpdate) Channel error: cannot send/recv


###!!! [Parent][PContentParent] Error: Send(msgname=PContent::Msg_PreferenceUpdate) Channel error: cannot send/recv


###!!! [Parent][PContentParent] Error: Send(msgname=PContent::Msg_PreferenceUpdate) Channel error: cannot send/recv


###!!! [Parent][PContentParent] Error: Send(msgname=PContent::Msg_PreferenceUpdate) Channel error: cannot send/recv


###!!! [Parent][PContentParent] Error: Send(msgname=PContent::Msg_PreferenceUpdate) Channel error: cannot send/recv


###!!! [Parent][PContentParent] Error: Send(msgname=PContent::Msg_PreferenceUpdate) Channel error: cannot send/recv


###!!! [Parent][PContentParent] Error: Send(msgname=PContent::Msg_PreferenceUpdate) Channel error: cannot send/recv


###!!! [Parent][PContentParent] Error: Send(msgname=PContent::Msg_PreferenceUpdate) Channel error: cannot send/recv


###!!! [Parent][PContentParent] Error: Send(msgname=PContent::Msg_PreferenceUpdate) Channel error: cannot send/recv


###!!! [Parent][PContentParent] Error: Send(msgname=PContent::Msg_PreferenceUpdate) Channel error: cannot send/recv


###!!! [Parent][PContentParent] Error: Send(msgname=PContent::Msg_PreferenceUpdate) Channel error: cannot send/recv


###!!! [Parent][PContentParent] Error: RunMessage(msgname=PContent::Msg_AsyncMessage) Channel error: cannot send/recv


###!!! [Parent][PContentParent] Error: RunMessage(msgname=PContent::Msg_AsyncMessage) Channel error: cannot send/recv


###!!! [Parent][PContentParent] Error: RunMessage(msgname=PContent::Msg_AsyncMessage) Channel error: cannot send/recv


###!!! [Parent][PContentParent] Error: RunMessage(msgname=PContent::Msg_AsyncMessage) Channel error: cannot send/recv


###!!! [Parent][PContentParent] Error: RunMessage(msgname=PContent::Msg_AsyncMessage) Channel error: cannot send/recv


###!!! [Parent][PContentParent] Error: RunMessage(msgname=PContent::Msg_AsyncMessage) Channel error: cannot send/recv


###!!! [Parent][PContentParent] Error: RunMessage(msgname=PContent::Msg_AsyncMessage) Channel error: cannot send/recv


###!!! [Parent][PContentParent] Error: RunMessage(msgname=PContent::Msg_AsyncMessage) Channel error: cannot send/recv


###!!! [Parent][PContentParent] Error: RunMessage(msgname=PContent::Msg_AsyncMessage) Channel error: cannot send/recv


###!!! [Parent][PContentParent] Error: RunMessage(msgname=PContent::Msg_AsyncMessage) Channel error: cannot send/recv


###!!! [Parent][PContentParent] Error: RunMessage(msgname=PContent::Msg_AsyncMessage) Channel error: cannot send/recv


###!!! [Parent][PContentParent] Error: RunMessage(msgname=PContent::Msg_AsyncMessage) Channel error: cannot send/recv


###!!! [Parent][PContentParent] Error: RunMessage(msgname=PContent::Msg_AsyncMessage) Channel error: cannot send/recv


###!!! [Parent][PContentParent] Error: RunMessage(msgname=PContent::Msg_AsyncMessage) Channel error: cannot send/recv


###!!! [Parent][PContentParent] Error: RunMessage(msgname=PContent::Msg_AsyncMessage) Channel error: cannot send/recv


###!!! [Parent][PContentParent] Error: RunMessage(msgname=PContent::Msg_AsyncMessage) Channel error: cannot send/recv


###!!! [Parent][PContentParent] Error: RunMessage(msgname=PContent::Msg_AsyncMessage) Channel error: cannot send/recv


###!!! [Parent][PContentParent] Error: RunMessage(msgname=PContent::Msg_AsyncMessage) Channel error: cannot send/recv


###!!! [Parent][PContentParent] Error: RunMessage(msgname=PContent::Msg_AsyncMessage) Channel error: cannot send/recv


###!!! [Parent][PContentParent] Error: RunMessage(msgname=PContent::Msg_AsyncMessage) Channel error: cannot send/recv

[Parent 6264, IPC I/O Parent] WARNING: file /builds/worker/checkouts/gecko/ipc/chromium/src/base/process_util_win.cc:167
JavaScript error: chrome://global/content/elements/browser-custom-element.js, line 839: TypeError: this.ownerGlobal is null
JavaScript error: chrome://remote/content/marionette/cert.js, line 55: NS_ERROR_NOT_AVAILABLE: Component returned failure code: 0x80040111 (NS_ERROR_NOT_AVAILABLE) [nsICertOverrideService.setDisableAllSecurityChecksAndLetAttackersInterceptMyData]
[Parent 6264, IPC I/O Parent] WARNING: file /builds/worker/checkouts/gecko/ipc/chromium/src/base/process_util_win.cc:167
[Parent 6264, IPC I/O Parent] WARNING: file /builds/worker/checkouts/gecko/ipc/chromium/src/base/process_util_win.cc:167
1647274204619	geckodriver	INFO	Listening on 127.0.0.1:62222
1647274207837	mozrunner::runner	INFO	Running command: "C:\\Program Files\\Mozilla Firefox\\firefox.exe" "--marionette" "user-agent=Mozilla/5.0 (Windows NT 10.0; Win64; x64; rv:97.0) Gecko/20100101 Firefox/97.0" "-headless" "--remote-debugging-port" "62223" "-no-remote" "-profile" "C:\\Users\\4918~1\\AppData\\Local\\Temp\\rust_mozprofileKs34EH"
*** You are running in headless mode.
1647274209674	Marionette	INFO	Marionette enabled
[GFX1-]: RenderCompositorSWGL failed mapping default framebuffer, no dt
console.warn: SearchSettings: "get: No settings file exists, new profile?" (new NotFoundError("Could not open the file at C:\\Users\\\u0412\u043B\u0430\u0434\u0438\u0441\u043B\u0430\u0432\\AppData\\Local\\Temp\\rust_mozprofileKs34EH\\search.json.mozlz4", (void 0)))
DevTools listening on ws://localhost:62223/devtools/browser/3bc867c7-1717-40d1-bea4-8e0e96db227e
1647274217887	Marionette	INFO	Listening on port 62228
1647274217995	RemoteAgent	WARN	TLS certificate errors will be ignored for this session
1647274669538	geckodriver	INFO	Listening on 127.0.0.1:62479
1647274672757	mozrunner::runner	INFO	Running command: "C:\\Program Files\\Mozilla Firefox\\firefox.exe" "--marionette" "user-agent=Mozilla/5.0 (Windows NT 10.0; Win64; x64; rv:97.0) Gecko/20100101 Firefox/97.0" "-headless" "--remote-debugging-port" "62480" "-no-remote" "-profile" "C:\\Users\\4918~1\\AppData\\Local\\Temp\\rust_mozprofileCuYjpf"
*** You are running in headless mode.
1647274675787	Marionette	INFO	Marionette enabled
[GFX1-]: RenderCompositorSWGL failed mapping default framebuffer, no dt
console.warn: SearchSettings: "get: No settings file exists, new profile?" (new NotFoundError("Could not open the file at C:\\Users\\\u0412\u043B\u0430\u0434\u0438\u0441\u043B\u0430\u0432\\AppData\\Local\\Temp\\rust_mozprofileCuYjpf\\search.json.mozlz4", (void 0)))
DevTools listening on ws://localhost:62480/devtools/browser/bfdf708b-824c-4fb7-8279-aa90e3c4d031
1647274685164	Marionette	INFO	Listening on port 62485
1647274685319	RemoteAgent	WARN	TLS certificate errors will be ignored for this session
console.error: Region.jsm: "Error fetching region" (new AbortError("The operation was aborted. ", (void 0), 770))
console.error: Region.jsm: "Failed to fetch region" (new Error("NO_RESULT", "resource://gre/modules/Region.jsm", 419))
1647275171173	geckodriver	INFO	Listening on 127.0.0.1:62664
1647275174249	mozrunner::runner	INFO	Running command: "C:\\Program Files\\Mozilla Firefox\\firefox.exe" "--marionette" "user-agent=Mozilla/5.0 (Windows NT 10.0; Win64; x64; rv:97.0) Gecko/20100101 Firefox/97.0" "-headless" "--remote-debugging-port" "62665" "-no-remote" "-profile" "C:\\Users\\4918~1\\AppData\\Local\\Temp\\rust_mozprofileHXUNx0"
*** You are running in headless mode.
1647275175234	Marionette	INFO	Marionette enabled
[GFX1-]: RenderCompositorSWGL failed mapping default framebuffer, no dt
console.warn: SearchSettings: "get: No settings file exists, new profile?" (new NotFoundError("Could not open the file at C:\\Users\\\u0412\u043B\u0430\u0434\u0438\u0441\u043B\u0430\u0432\\AppData\\Local\\Temp\\rust_mozprofileHXUNx0\\search.json.mozlz4", (void 0)))
DevTools listening on ws://localhost:62665/devtools/browser/a09e45d5-bfae-4dba-91e8-ed32b08377dd
1647275182463	Marionette	INFO	Listening on port 62670
1647275182778	RemoteAgent	WARN	TLS certificate errors will be ignored for this session
1647377524877	geckodriver	INFO	Listening on 127.0.0.1:52523
1647377527798	mozrunner::runner	INFO	Running command: "C:\\Program Files\\Mozilla Firefox\\firefox.exe" "--marionette" "user-agent=Mozilla/5.0 (Windows NT 10.0; Win64; x64; rv:97.0) Gecko/20100101 Firefox/97.0" "-headless" "--remote-debugging-port" "52524" "-no-remote" "-profile" "C:\\Users\\4918~1\\AppData\\Local\\Temp\\rust_mozprofileqQG3IQ"
*** You are running in headless mode.
1647377530707	Marionette	INFO	Marionette enabled
[GFX1-]: RenderCompositorSWGL failed mapping default framebuffer, no dt
console.warn: SearchSettings: "get: No settings file exists, new profile?" (new NotFoundError("Could not open the file at C:\\Users\\\u0412\u043B\u0430\u0434\u0438\u0441\u043B\u0430\u0432\\AppData\\Local\\Temp\\rust_mozprofileqQG3IQ\\search.json.mozlz4", (void 0)))
DevTools listening on ws://localhost:52524/devtools/browser/53ec5c32-c13e-4f1b-b81b-930b7158a1f4
1647377543469	Marionette	INFO	Listening on port 52529
1647377544383	RemoteAgent	WARN	TLS certificate errors will be ignored for this session
1647377711781	geckodriver	INFO	Listening on 127.0.0.1:56548
1647377714935	mozrunner::runner	INFO	Running command: "C:\\Program Files\\Mozilla Firefox\\firefox.exe" "--marionette" "user-agent=Mozilla/5.0 (Windows NT 10.0; Win64; x64; rv:97.0) Gecko/20100101 Firefox/97.0" "-headless" "--remote-debugging-port" "56549" "-no-remote" "-profile" "C:\\Users\\4918~1\\AppData\\Local\\Temp\\rust_mozprofileIYC9cb"
*** You are running in headless mode.
1647377717443	Marionette	INFO	Marionette enabled
[GFX1-]: RenderCompositorSWGL failed mapping default framebuffer, no dt
console.warn: SearchSettings: "get: No settings file exists, new profile?" (new NotFoundError("Could not open the file at C:\\Users\\\u0412\u043B\u0430\u0434\u0438\u0441\u043B\u0430\u0432\\AppData\\Local\\Temp\\rust_mozprofileIYC9cb\\search.json.mozlz4", (void 0)))
DevTools listening on ws://localhost:56549/devtools/browser/0cc3cad2-b62a-436b-a30b-903ff46947f1
1647377725679	Marionette	INFO	Listening on port 56554
1647377726224	RemoteAgent	WARN	TLS certificate errors will be ignored for this session
1647379137854	geckodriver	INFO	Listening on 127.0.0.1:57130
1647379140921	mozrunner::runner	INFO	Running command: "C:\\Program Files\\Mozilla Firefox\\firefox.exe" "--marionette" "user-agent=Mozilla/5.0 (Windows NT 10.0; Win64; x64; rv:97.0) Gecko/20100101 Firefox/97.0" "-headless" "--remote-debugging-port" "57131" "-no-remote" "-profile" "C:\\Users\\4918~1\\AppData\\Local\\Temp\\rust_mozprofiler7zW06"
*** You are running in headless mode.
1647379143899	Marionette	INFO	Marionette enabled
[GFX1-]: RenderCompositorSWGL failed mapping default framebuffer, no dt
console.warn: SearchSettings: "get: No settings file exists, new profile?" (new NotFoundError("Could not open the file at C:\\Users\\\u0412\u043B\u0430\u0434\u0438\u0441\u043B\u0430\u0432\\AppData\\Local\\Temp\\rust_mozprofiler7zW06\\search.json.mozlz4", (void 0)))
DevTools listening on ws://localhost:57131/devtools/browser/4a67e0c7-fd6d-41dd-b85e-2459c1185d7a
1647379152908	Marionette	INFO	Listening on port 57136
1647379153091	RemoteAgent	WARN	TLS certificate errors will be ignored for this session
1647379180938	geckodriver	INFO	Listening on 127.0.0.1:57180
1647379183882	mozrunner::runner	INFO	Running command: "C:\\Program Files\\Mozilla Firefox\\firefox.exe" "--marionette" "user-agent=Mozilla/5.0 (Windows NT 10.0; Win64; x64; rv:97.0) Gecko/20100101 Firefox/97.0" "-headless" "--remote-debugging-port" "57181" "-no-remote" "-profile" "C:\\Users\\4918~1\\AppData\\Local\\Temp\\rust_mozprofilegcZUkF"
*** You are running in headless mode.
1647379188376	Marionette	INFO	Marionette enabled
[GFX1-]: RenderCompositorSWGL failed mapping default framebuffer, no dt
console.warn: SearchSettings: "get: No settings file exists, new profile?" (new NotFoundError("Could not open the file at C:\\Users\\\u0412\u043B\u0430\u0434\u0438\u0441\u043B\u0430\u0432\\AppData\\Local\\Temp\\rust_mozprofilegcZUkF\\search.json.mozlz4", (void 0)))
DevTools listening on ws://localhost:57181/devtools/browser/b4bcd49d-7ddf-43d3-b1d0-c20e32eef122
1647379194975	Marionette	INFO	Listening on port 57186
1647379195619	RemoteAgent	WARN	TLS certificate errors will be ignored for this session
1647380513302	geckodriver	INFO	Listening on 127.0.0.1:52994
1647380516381	mozrunner::runner	INFO	Running command: "C:\\Program Files\\Mozilla Firefox\\firefox.exe" "--marionette" "user-agent=Mozilla/5.0 (Windows NT 10.0; Win64; x64; rv:97.0) Gecko/20100101 Firefox/97.0" "-headless" "--remote-debugging-port" "52995" "-no-remote" "-profile" "C:\\Users\\4918~1\\AppData\\Local\\Temp\\rust_mozprofilebVAZ7a"
*** You are running in headless mode.
1647380519215	Marionette	INFO	Marionette enabled
1647380542036	geckodriver	INFO	Listening on 127.0.0.1:53009
1647380545093	mozrunner::runner	INFO	Running command: "C:\\Program Files\\Mozilla Firefox\\firefox.exe" "--marionette" "user-agent=Mozilla/5.0 (Windows NT 10.0; Win64; x64; rv:97.0) Gecko/20100101 Firefox/97.0" "-headless" "--remote-debugging-port" "53010" "-no-remote" "-profile" "C:\\Users\\4918~1\\AppData\\Local\\Temp\\rust_mozprofileiX1Iym"
*** You are running in headless mode.
1647380545981	Marionette	INFO	Marionette enabled
[GFX1-]: RenderCompositorSWGL failed mapping default framebuffer, no dt
console.warn: SearchSettings: "get: No settings file exists, new profile?" (new NotFoundError("Could not open the file at C:\\Users\\\u0412\u043B\u0430\u0434\u0438\u0441\u043B\u0430\u0432\\AppData\\Local\\Temp\\rust_mozprofileiX1Iym\\search.json.mozlz4", (void 0)))
1647380565665	geckodriver	INFO	Listening on 127.0.0.1:53033
1647380568769	mozrunner::runner	INFO	Running command: "C:\\Program Files\\Mozilla Firefox\\firefox.exe" "--marionette" "user-agent=Mozilla/5.0 (Windows NT 10.0; Win64; x64; rv:97.0) Gecko/20100101 Firefox/97.0" "-headless" "--remote-debugging-port" "53034" "-no-remote" "-profile" "C:\\Users\\4918~1\\AppData\\Local\\Temp\\rust_mozprofileFW7TbD"
*** You are running in headless mode.
1647380570017	Marionette	INFO	Marionette enabled
[GFX1-]: RenderCompositorSWGL failed mapping default framebuffer, no dt
console.warn: SearchSettings: "get: No settings file exists, new profile?" (new NotFoundError("Could not open the file at C:\\Users\\\u0412\u043B\u0430\u0434\u0438\u0441\u043B\u0430\u0432\\AppData\\Local\\Temp\\rust_mozprofileFW7TbD\\search.json.mozlz4", (void 0)))
DevTools listening on ws://localhost:53034/devtools/browser/919b866e-503b-4428-ba47-8bc72aee5b77
1647380576751	Marionette	INFO	Listening on port 53039
1647380577291	RemoteAgent	WARN	TLS certificate errors will be ignored for this session
1647380855715	geckodriver	INFO	Listening on 127.0.0.1:51025
1647380858748	mozrunner::runner	INFO	Running command: "C:\\Program Files\\Mozilla Firefox\\firefox.exe" "--marionette" "user-agent=Mozilla/5.0 (Windows NT 10.0; Win64; x64; rv:97.0) Gecko/20100101 Firefox/97.0" "-headless" "--remote-debugging-port" "51026" "-no-remote" "-profile" "C:\\Users\\4918~1\\AppData\\Local\\Temp\\rust_mozprofilePXtZ2O"
*** You are running in headless mode.
1647380860723	Marionette	INFO	Marionette enabled
[GFX1-]: RenderCompositorSWGL failed mapping default framebuffer, no dt
console.warn: SearchSettings: "get: No settings file exists, new profile?" (new NotFoundError("Could not open the file at C:\\Users\\\u0412\u043B\u0430\u0434\u0438\u0441\u043B\u0430\u0432\\AppData\\Local\\Temp\\rust_mozprofilePXtZ2O\\search.json.mozlz4", (void 0)))
DevTools listening on ws://localhost:51026/devtools/browser/0fee1720-7fa5-4771-87e8-6f55ec834970
1647380869455	Marionette	INFO	Listening on port 51031
1647380869831	RemoteAgent	WARN	TLS certificate errors will be ignored for this session
1647380976799	geckodriver	INFO	Listening on 127.0.0.1:51128
1647380979946	mozrunner::runner	INFO	Running command: "C:\\Program Files\\Mozilla Firefox\\firefox.exe" "--marionette" "user-agent=Mozilla/5.0 (Windows NT 10.0; Win64; x64; rv:97.0) Gecko/20100101 Firefox/97.0" "-headless" "--remote-debugging-port" "51129" "-no-remote" "-profile" "C:\\Users\\4918~1\\AppData\\Local\\Temp\\rust_mozprofileMeyN5k"
*** You are running in headless mode.
1647380980855	Marionette	INFO	Marionette enabled
[GFX1-]: RenderCompositorSWGL failed mapping default framebuffer, no dt
console.warn: SearchSettings: "get: No settings file exists, new profile?" (new NotFoundError("Could not open the file at C:\\Users\\\u0412\u043B\u0430\u0434\u0438\u0441\u043B\u0430\u0432\\AppData\\Local\\Temp\\rust_mozprofileMeyN5k\\search.json.mozlz4", (void 0)))
DevTools listening on ws://localhost:51129/devtools/browser/e4bcdf83-88f6-42b3-a1fb-b9c231c94c25
1647380987697	Marionette	INFO	Listening on port 51134
1647380987968	RemoteAgent	WARN	TLS certificate errors will be ignored for this session
1647381059900	geckodriver	INFO	Listening on 127.0.0.1:51207
1647381062990	mozrunner::runner	INFO	Running command: "C:\\Program Files\\Mozilla Firefox\\firefox.exe" "--marionette" "user-agent=Mozilla/5.0 (Windows NT 10.0; Win64; x64; rv:97.0) Gecko/20100101 Firefox/97.0" "-headless" "--remote-debugging-port" "51208" "-no-remote" "-profile" "C:\\Users\\4918~1\\AppData\\Local\\Temp\\rust_mozprofilepyrKGU"
*** You are running in headless mode.
1647381064005	Marionette	INFO	Marionette enabled
[GFX1-]: RenderCompositorSWGL failed mapping default framebuffer, no dt
console.warn: SearchSettings: "get: No settings file exists, new profile?" (new NotFoundError("Could not open the file at C:\\Users\\\u0412\u043B\u0430\u0434\u0438\u0441\u043B\u0430\u0432\\AppData\\Local\\Temp\\rust_mozprofilepyrKGU\\search.json.mozlz4", (void 0)))
DevTools listening on ws://localhost:51208/devtools/browser/b81cae28-b695-4933-8eea-105d5fdd34ef
1647381071675	Marionette	INFO	Listening on port 51213
1647381071989	RemoteAgent	WARN	TLS certificate errors will be ignored for this session
1647381164128	geckodriver	INFO	Listening on 127.0.0.1:51288
1647381167274	mozrunner::runner	INFO	Running command: "C:\\Program Files\\Mozilla Firefox\\firefox.exe" "--marionette" "user-agent=Mozilla/5.0 (Windows NT 10.0; Win64; x64; rv:97.0) Gecko/20100101 Firefox/97.0" "-headless" "--remote-debugging-port" "51289" "-no-remote" "-profile" "C:\\Users\\4918~1\\AppData\\Local\\Temp\\rust_mozprofilePB8syM"
*** You are running in headless mode.
1647381168333	Marionette	INFO	Marionette enabled
[GFX1-]: RenderCompositorSWGL failed mapping default framebuffer, no dt
console.warn: SearchSettings: "get: No settings file exists, new profile?" (new NotFoundError("Could not open the file at C:\\Users\\\u0412\u043B\u0430\u0434\u0438\u0441\u043B\u0430\u0432\\AppData\\Local\\Temp\\rust_mozprofilePB8syM\\search.json.mozlz4", (void 0)))
DevTools listening on ws://localhost:51289/devtools/browser/a3214113-5933-4831-a23b-9fce07a4c4af
1647381176128	Marionette	INFO	Listening on port 51294
1647381176732	RemoteAgent	WARN	TLS certificate errors will be ignored for this session
1647381222989	geckodriver	INFO	Listening on 127.0.0.1:51362
1647381226024	mozrunner::runner	INFO	Running command: "C:\\Program Files\\Mozilla Firefox\\firefox.exe" "--marionette" "user-agent=Mozilla/5.0 (Windows NT 10.0; Win64; x64; rv:97.0) Gecko/20100101 Firefox/97.0" "-headless" "--remote-debugging-port" "51363" "-no-remote" "-profile" "C:\\Users\\4918~1\\AppData\\Local\\Temp\\rust_mozprofilerEpO3Q"
*** You are running in headless mode.
1647381227005	Marionette	INFO	Marionette enabled
[GFX1-]: RenderCompositorSWGL failed mapping default framebuffer, no dt
console.warn: SearchSettings: "get: No settings file exists, new profile?" (new NotFoundError("Could not open the file at C:\\Users\\\u0412\u043B\u0430\u0434\u0438\u0441\u043B\u0430\u0432\\AppData\\Local\\Temp\\rust_mozprofilerEpO3Q\\search.json.mozlz4", (void 0)))
DevTools listening on ws://localhost:51363/devtools/browser/f209b4be-0b31-405b-906f-4b52037de39a
1647381233999	Marionette	INFO	Listening on port 51368
1647381234413	RemoteAgent	WARN	TLS certificate errors will be ignored for this session
1647381298615	geckodriver	INFO	Listening on 127.0.0.1:51455
1647381301759	mozrunner::runner	INFO	Running command: "C:\\Program Files\\Mozilla Firefox\\firefox.exe" "--marionette" "user-agent=Mozilla/5.0 (Windows NT 10.0; Win64; x64; rv:97.0) Gecko/20100101 Firefox/97.0" "-headless" "--remote-debugging-port" "51456" "-no-remote" "-profile" "C:\\Users\\4918~1\\AppData\\Local\\Temp\\rust_mozprofiler6XlFI"
*** You are running in headless mode.
1647381302720	Marionette	INFO	Marionette enabled
[GFX1-]: RenderCompositorSWGL failed mapping default framebuffer, no dt
console.warn: SearchSettings: "get: No settings file exists, new profile?" (new NotFoundError("Could not open the file at C:\\Users\\\u0412\u043B\u0430\u0434\u0438\u0441\u043B\u0430\u0432\\AppData\\Local\\Temp\\rust_mozprofiler6XlFI\\search.json.mozlz4", (void 0)))
DevTools listening on ws://localhost:51456/devtools/browser/84f5d899-6f85-4f87-9ddd-2bd945837fd6
1647381310807	Marionette	INFO	Listening on port 51461
1647381310949	RemoteAgent	WARN	TLS certificate errors will be ignored for this session
1647381373355	geckodriver	INFO	Listening on 127.0.0.1:53394
1647381376363	mozrunner::runner	INFO	Running command: "C:\\Program Files\\Mozilla Firefox\\firefox.exe" "--marionette" "user-agent=Mozilla/5.0 (Windows NT 10.0; Win64; x64; rv:97.0) Gecko/20100101 Firefox/97.0" "-headless" "--remote-debugging-port" "53395" "-no-remote" "-profile" "C:\\Users\\4918~1\\AppData\\Local\\Temp\\rust_mozprofileTt9jqo"
*** You are running in headless mode.
1647381377376	Marionette	INFO	Marionette enabled
[GFX1-]: RenderCompositorSWGL failed mapping default framebuffer, no dt
console.warn: SearchSettings: "get: No settings file exists, new profile?" (new NotFoundError("Could not open the file at C:\\Users\\\u0412\u043B\u0430\u0434\u0438\u0441\u043B\u0430\u0432\\AppData\\Local\\Temp\\rust_mozprofileTt9jqo\\search.json.mozlz4", (void 0)))
DevTools listening on ws://localhost:53395/devtools/browser/fff40ff7-547b-4f5d-9df0-974f61d98788
1647381384814	Marionette	INFO	Listening on port 53400
1647381385346	RemoteAgent	WARN	TLS certificate errors will be ignored for this session
A content process crashed and MOZ_CRASHREPORTER_SHUTDOWN is set, shutting down
